<?xml version="1.0" encoding="UTF-8"?>
<testng-results ignored="0" total="1" passed="1" failed="0" skipped="0">
  <reporter-output>
  </reporter-output>
  <suite started-at="2021-06-19T15:59:06Z" name="Default suite" finished-at="2021-06-19T15:59:06Z" duration-ms="63">
    <groups>
    </groups>
    <test started-at="2021-06-19T15:59:06Z" name="Default test" finished-at="2021-06-19T15:59:06Z" duration-ms="63">
      <class name="pruebaNG.NewTest">
        <test-method signature="f()[pri:0, instance:pruebaNG.NewTest@5e403b4a]" started-at="2021-06-19T10:59:06Z" name="f" finished-at="2021-06-19T10:59:06Z" duration-ms="18" status="PASS">
          <reporter-output>
          </reporter-output>
        </test-method> <!-- f -->
      </class> <!-- pruebaNG.NewTest -->
    </test> <!-- Default test -->
  </suite> <!-- Default suite -->
</testng-results>
